<?xml version="1.0" encoding="utf-8" standalone="no"?>
<!--This file represents the results of running a test suite-->
<test-results name="C:\Projects\github\net-tools\bin\Net.Tests.dll" total="1" errors="0" failures="0" not-run="0" inconclusive="0" ignored="0" skipped="0" invalid="0" date="2013-12-28" time="23:51:45">
  <environment nunit-version="2.6.3.13283" clr-version="2.0.50727.7905" os-version="Microsoft Windows NT 6.2.9200.0" platform="Win32NT" cwd="C:\Projects\github\net-tools\src\.build" machine-name="MCWIEBE" user="Wiebe" user-domain="MCWIEBE" />
  <culture-info current-culture="nl-NL" current-uiculture="en-GB" />
  <test-suite type="Assembly" name="C:\Projects\github\net-tools\bin\Net.Tests.dll" executed="True" result="Success" success="True" time="0.018" asserts="0">
    <results>
      <test-suite type="Namespace" name="Net" executed="True" result="Success" success="True" time="0.012" asserts="0">
        <results>
          <test-suite type="Namespace" name="Tests" executed="True" result="Success" success="True" time="0.012" asserts="0">
            <results>
              <test-suite type="TestFixture" name="TestClass" executed="True" result="Success" success="True" time="0.011" asserts="0">
                <results>
                  <test-case name="Net.Tests.TestClass.Test" executed="True" result="Success" success="True" time="0.007" asserts="0" />
                </results>
              </test-suite>
            </results>
          </test-suite>
        </results>
      </test-suite>
    </results>
  </test-suite>
</test-results>